c:\users\j.a.r.v.i.s\desktop\anahtar üreteci program\anahtarureteci\x64\debug\vc143.pdb
c:\users\j.a.r.v.i.s\desktop\anahtar üreteci program\anahtarureteci\x64\debug\vc143.idb
c:\users\j.a.r.v.i.s\desktop\anahtar üreteci program\anahtarureteci\x64\debug\plaintext.obj
c:\users\j.a.r.v.i.s\desktop\anahtar üreteci program\anahtarureteci\x64\debug\statfunc.obj
c:\users\j.a.r.v.i.s\desktop\anahtar üreteci program\anahtarureteci\x64\debug\util.obj
c:\users\j.a.r.v.i.s\desktop\anahtar üreteci program\anahtarureteci\x64\debug\anahtarureteci.pch
c:\users\j.a.r.v.i.s\desktop\anahtar üreteci program\anahtarureteci\x64\debug\stdafx.obj
c:\users\j.a.r.v.i.s\desktop\anahtar üreteci program\anahtarureteci\x64\debug\tabcontrolhelper.obj
c:\users\j.a.r.v.i.s\desktop\anahtar üreteci program\anahtarureteci\x64\debug\seedinput.obj
c:\users\j.a.r.v.i.s\desktop\anahtar üreteci program\anahtarureteci\x64\debug\random.obj
c:\users\j.a.r.v.i.s\desktop\anahtar üreteci program\anahtarureteci\x64\debug\present.obj
c:\users\j.a.r.v.i.s\desktop\anahtar üreteci program\anahtarureteci\x64\debug\neddlg.obj
c:\users\j.a.r.v.i.s\desktop\anahtar üreteci program\anahtarureteci\x64\debug\maindlg.obj
c:\users\j.a.r.v.i.s\desktop\anahtar üreteci program\anahtarureteci\x64\debug\keygenerator.obj
c:\users\j.a.r.v.i.s\desktop\anahtar üreteci program\anahtarureteci\x64\debug\dialogbase.obj
c:\users\j.a.r.v.i.s\desktop\anahtar üreteci program\anahtarureteci\x64\debug\anahtarureteci.obj
c:\users\j.a.r.v.i.s\desktop\anahtar üreteci program\anahtarureteci\x64\debug\aes.obj
c:\users\j.a.r.v.i.s\desktop\anahtar üreteci program\anahtarureteci\x64\debug\anahtarureteci.res
c:\users\j.a.r.v.i.s\desktop\anahtar üreteci program\x64\debug\anahtarureteci.pdb
c:\users\j.a.r.v.i.s\desktop\anahtar üreteci program\anahtarureteci\x64\debug\anahtarureteci.tlog\cl.command.1.tlog
c:\users\j.a.r.v.i.s\desktop\anahtar üreteci program\anahtarureteci\x64\debug\anahtarureteci.tlog\cl.read.1.tlog
c:\users\j.a.r.v.i.s\desktop\anahtar üreteci program\anahtarureteci\x64\debug\anahtarureteci.tlog\cl.write.1.tlog
c:\users\j.a.r.v.i.s\desktop\anahtar üreteci program\anahtarureteci\x64\debug\anahtarureteci.tlog\link-cvtres.read.1.tlog
c:\users\j.a.r.v.i.s\desktop\anahtar üreteci program\anahtarureteci\x64\debug\anahtarureteci.tlog\link-cvtres.write.1.tlog
c:\users\j.a.r.v.i.s\desktop\anahtar üreteci program\anahtarureteci\x64\debug\anahtarureteci.tlog\link-rc.read.1.tlog
c:\users\j.a.r.v.i.s\desktop\anahtar üreteci program\anahtarureteci\x64\debug\anahtarureteci.tlog\link-rc.write.1.tlog
c:\users\j.a.r.v.i.s\desktop\anahtar üreteci program\anahtarureteci\x64\debug\anahtarureteci.tlog\link.command.1.tlog
c:\users\j.a.r.v.i.s\desktop\anahtar üreteci program\anahtarureteci\x64\debug\anahtarureteci.tlog\link.read.1.tlog
c:\users\j.a.r.v.i.s\desktop\anahtar üreteci program\anahtarureteci\x64\debug\anahtarureteci.tlog\link.read.2.tlog
c:\users\j.a.r.v.i.s\desktop\anahtar üreteci program\anahtarureteci\x64\debug\anahtarureteci.tlog\link.read.3.tlog
c:\users\j.a.r.v.i.s\desktop\anahtar üreteci program\anahtarureteci\x64\debug\anahtarureteci.tlog\link.write.1.tlog
c:\users\j.a.r.v.i.s\desktop\anahtar üreteci program\anahtarureteci\x64\debug\anahtarureteci.tlog\rc.command.1.tlog
c:\users\j.a.r.v.i.s\desktop\anahtar üreteci program\anahtarureteci\x64\debug\anahtarureteci.tlog\rc.read.1.tlog
c:\users\j.a.r.v.i.s\desktop\anahtar üreteci program\anahtarureteci\x64\debug\anahtarureteci.tlog\rc.write.1.tlog
