  stdafx.cpp
  aes.cpp
C:\Users\J.A.R.V.I.S\Desktop\Anahtar Üreteci Program\AnahtarUreteci\aes.cpp(175,17): warning C4473: 'fscanf_s' : not enough arguments passed for format string
C:\Users\J.A.R.V.I.S\Desktop\Anahtar Üreteci Program\AnahtarUreteci\aes.cpp(175,17): message : placeholders and their parameters expect 2 variadic arguments, but 1 were provided
C:\Users\J.A.R.V.I.S\Desktop\Anahtar Üreteci Program\AnahtarUreteci\aes.cpp(175,17): message : the missing variadic argument 2 is required by format string '%s'
C:\Users\J.A.R.V.I.S\Desktop\Anahtar Üreteci Program\AnahtarUreteci\aes.cpp(175,17): message : this argument is used as a buffer size
C:\Users\J.A.R.V.I.S\Desktop\Anahtar Üreteci Program\AnahtarUreteci\aes.cpp(83,8): warning C4101: 'fptemp': unreferenced local variable
  AnahtarUreteci.cpp
C:\Users\J.A.R.V.I.S\Desktop\Anahtar Üreteci Program\AnahtarUreteci\KeyGenerator.h(15,10): fatal  error C1083: Cannot open include file: 'sha.h': No such file or directory
  DialogBase.cpp
  KeyGenerator.cpp
C:\Users\J.A.R.V.I.S\Desktop\Anahtar Üreteci Program\AnahtarUreteci\KeyGenerator.h(15,10): fatal  error C1083: Cannot open include file: 'sha.h': No such file or directory
  MainDlg.cpp
C:\Users\J.A.R.V.I.S\Desktop\Anahtar Üreteci Program\AnahtarUreteci\KeyGenerator.h(15,10): fatal  error C1083: Cannot open include file: 'sha.h': No such file or directory
  NEDDlg.cpp
C:\Users\J.A.R.V.I.S\Desktop\Anahtar Üreteci Program\AnahtarUreteci\KeyGenerator.h(15,10): fatal  error C1083: Cannot open include file: 'sha.h': No such file or directory
  plaintext.cpp
  present.cpp
C:\Users\J.A.R.V.I.S\Desktop\Anahtar Üreteci Program\AnahtarUreteci\present.cpp(71,41): warning C4244: 'argument': conversion from 'bit64' to 'bit32', possible loss of data
C:\Users\J.A.R.V.I.S\Desktop\Anahtar Üreteci Program\AnahtarUreteci\present.cpp(71,29): warning C4244: 'argument': conversion from 'bit64' to 'bit32', possible loss of data
C:\Users\J.A.R.V.I.S\Desktop\Anahtar Üreteci Program\AnahtarUreteci\present.cpp(194,17): warning C4473: 'fscanf_s' : not enough arguments passed for format string
C:\Users\J.A.R.V.I.S\Desktop\Anahtar Üreteci Program\AnahtarUreteci\present.cpp(194,17): message : placeholders and their parameters expect 2 variadic arguments, but 1 were provided
C:\Users\J.A.R.V.I.S\Desktop\Anahtar Üreteci Program\AnahtarUreteci\present.cpp(194,17): message : the missing variadic argument 2 is required by format string '%s'
C:\Users\J.A.R.V.I.S\Desktop\Anahtar Üreteci Program\AnahtarUreteci\present.cpp(194,17): message : this argument is used as a buffer size
  random.cpp
  SeedInput.cpp
C:\Users\J.A.R.V.I.S\Desktop\Anahtar Üreteci Program\AnahtarUreteci\KeyGenerator.h(15,10): fatal  error C1083: Cannot open include file: 'sha.h': No such file or directory
  statFunc.cpp
C:\Users\J.A.R.V.I.S\Desktop\Anahtar Üreteci Program\AnahtarUreteci\statFunc.cpp(43,25): warning C4018: '<': signed/unsigned mismatch
C:\Users\J.A.R.V.I.S\Desktop\Anahtar Üreteci Program\AnahtarUreteci\statFunc.cpp(69,25): warning C4018: '<': signed/unsigned mismatch
C:\Users\J.A.R.V.I.S\Desktop\Anahtar Üreteci Program\AnahtarUreteci\statFunc.cpp(78,25): warning C4018: '<': signed/unsigned mismatch
C:\Users\J.A.R.V.I.S\Desktop\Anahtar Üreteci Program\AnahtarUreteci\statFunc.cpp(96,25): warning C4018: '<': signed/unsigned mismatch
C:\Users\J.A.R.V.I.S\Desktop\Anahtar Üreteci Program\AnahtarUreteci\statFunc.cpp(171,25): warning C4018: '<': signed/unsigned mismatch
C:\Users\J.A.R.V.I.S\Desktop\Anahtar Üreteci Program\AnahtarUreteci\statFunc.cpp(230,25): warning C4018: '<': signed/unsigned mismatch
C:\Users\J.A.R.V.I.S\Desktop\Anahtar Üreteci Program\AnahtarUreteci\statFunc.cpp(246,25): warning C4018: '<': signed/unsigned mismatch
C:\Users\J.A.R.V.I.S\Desktop\Anahtar Üreteci Program\AnahtarUreteci\statFunc.cpp(265,25): warning C4018: '<=': signed/unsigned mismatch
C:\Users\J.A.R.V.I.S\Desktop\Anahtar Üreteci Program\AnahtarUreteci\statFunc.cpp(336,14): warning C4244: 'initializing': conversion from 'double' to 'int', possible loss of data
C:\Users\J.A.R.V.I.S\Desktop\Anahtar Üreteci Program\AnahtarUreteci\statFunc.cpp(352,14): warning C4244: 'initializing': conversion from 'double' to 'int', possible loss of data
C:\Users\J.A.R.V.I.S\Desktop\Anahtar Üreteci Program\AnahtarUreteci\statFunc.cpp(373,14): warning C4244: 'initializing': conversion from 'double' to 'int', possible loss of data
C:\Users\J.A.R.V.I.S\Desktop\Anahtar Üreteci Program\AnahtarUreteci\statFunc.cpp(393,14): warning C4244: 'initializing': conversion from 'double' to 'int', possible loss of data
  TabControlHelper.cpp
  util.cpp
  Generating Code...
