c:\users\adnan\source\repos\anahtarureteci\x64\release\anahtarureteci.ipdb
c:\users\adnan\source\repos\anahtarureteci\x64\release\anahtarureteci.iobj
c:\users\adnan\source\repos\anahtaruretecı\anahtaruretecı\x64\release\anahtaruretecı.pch
c:\users\adnan\source\repos\anahtaruretecı\anahtaruretecı\x64\release\vc141.pdb
c:\users\adnan\source\repos\anahtaruretecı\anahtaruretecı\x64\release\stdafx.obj
c:\users\adnan\source\repos\anahtaruretecı\anahtaruretecı\x64\release\utıl.obj
c:\users\adnan\source\repos\anahtaruretecı\anahtaruretecı\x64\release\tabcontrolhelper.obj
c:\users\adnan\source\repos\anahtaruretecı\anahtaruretecı\x64\release\statfunc.obj
c:\users\adnan\source\repos\anahtaruretecı\anahtaruretecı\x64\release\random.obj
c:\users\adnan\source\repos\anahtaruretecı\anahtaruretecı\x64\release\present.obj
c:\users\adnan\source\repos\anahtaruretecı\anahtaruretecı\x64\release\plaıntext.obj
c:\users\adnan\source\repos\anahtaruretecı\anahtaruretecı\x64\release\maındlg.obj
c:\users\adnan\source\repos\anahtaruretecı\anahtaruretecı\x64\release\dıalogbase.obj
c:\users\adnan\source\repos\anahtaruretecı\anahtaruretecı\x64\release\anahtaruretecı.obj
c:\users\adnan\source\repos\anahtaruretecı\anahtaruretecı\x64\release\aes.obj
c:\users\adnan\source\repos\anahtaruretecı\anahtaruretecı\x64\release\neddlg.obj
c:\users\adnan\source\repos\anahtaruretecı\anahtaruretecı\x64\release\keygenerator.obj
c:\users\adnan\source\repos\anahtaruretecı\anahtaruretecı\x64\release\seedınput.obj
c:\users\adnan\source\repos\anahtaruretecı\x64\release\anahtaruretecı.exe
c:\users\adnan\source\repos\anahtaruretecı\x64\release\anahtaruretecı.pdb
c:\users\adnan\source\repos\anahtaruretecı\anahtaruretecı\x64\release\anahtaruretecı.res
c:\users\adnan\source\repos\anahtarureteci\anahtarureteci\x64\release\aes.obj
c:\users\adnan\source\repos\anahtarureteci\anahtarureteci\x64\release\anahtarureteci.obj
c:\users\adnan\source\repos\anahtarureteci\anahtarureteci\x64\release\dialogbase.obj
c:\users\adnan\source\repos\anahtarureteci\anahtarureteci\x64\release\keygenerator.obj
c:\users\adnan\source\repos\anahtarureteci\anahtarureteci\x64\release\maindlg.obj
c:\users\adnan\source\repos\anahtarureteci\anahtarureteci\x64\release\neddlg.obj
c:\users\adnan\source\repos\anahtarureteci\anahtarureteci\x64\release\plaintext.obj
c:\users\adnan\source\repos\anahtarureteci\anahtarureteci\x64\release\present.obj
c:\users\adnan\source\repos\anahtarureteci\anahtarureteci\x64\release\random.obj
c:\users\adnan\source\repos\anahtarureteci\anahtarureteci\x64\release\seedınput.obj
c:\users\adnan\source\repos\anahtarureteci\anahtarureteci\x64\release\statfunc.obj
c:\users\adnan\source\repos\anahtarureteci\anahtarureteci\x64\release\stdafx.obj
c:\users\adnan\source\repos\anahtarureteci\anahtarureteci\x64\release\tabcontrolhelper.obj
c:\users\adnan\source\repos\anahtarureteci\anahtarureteci\x64\release\util.obj
c:\users\adnan\source\repos\anahtarureteci\anahtarureteci\x64\release\anahtarureteci.res
c:\users\adnan\source\repos\anahtarureteci\anahtarureteci\x64\release\anahtarureteci.pch
c:\users\adnan\source\repos\anahtarureteci\anahtarureteci\x64\release\vc141.pdb
c:\users\adnan\source\repos\anahtarureteci\x64\release\anahtarureteci.pdb
c:\users\adnan\source\repos\anahtarureteci\x64\release\anahtarureteci.exe
c:\users\adnan\source\repos\anahtarureteci\anahtarureteci\x64\release\anahtarureteci.tlog\anahtarureteci.write.1u.tlog
c:\users\adnan\source\repos\anahtarureteci\anahtarureteci\x64\release\anahtarureteci.tlog\cl.command.1.tlog
c:\users\adnan\source\repos\anahtarureteci\anahtarureteci\x64\release\anahtarureteci.tlog\cl.read.1.tlog
c:\users\adnan\source\repos\anahtarureteci\anahtarureteci\x64\release\anahtarureteci.tlog\cl.write.1.tlog
c:\users\adnan\source\repos\anahtarureteci\anahtarureteci\x64\release\anahtarureteci.tlog\link.command.1.tlog
c:\users\adnan\source\repos\anahtarureteci\anahtarureteci\x64\release\anahtarureteci.tlog\link.read.1.tlog
c:\users\adnan\source\repos\anahtarureteci\anahtarureteci\x64\release\anahtarureteci.tlog\link.write.1.tlog
c:\users\adnan\source\repos\anahtarureteci\anahtarureteci\x64\release\anahtarureteci.tlog\rc.command.1.tlog
c:\users\adnan\source\repos\anahtarureteci\anahtarureteci\x64\release\anahtarureteci.tlog\rc.read.1.tlog
c:\users\adnan\source\repos\anahtarureteci\anahtarureteci\x64\release\anahtarureteci.tlog\rc.write.1.tlog
